AliyunVideoCommon/build/intermediates/manifest_merge_blame_file/debug/manifest-merger-blame-debug-report.txt
1<?xml version="1.0" encoding="utf-8"?>
2<manifest xmlns:android="http://schemas.android.com/apk/res/android"
3    xmlns:tools="http://schemas.android.com/tools"
4    package="com.aliyun.svideo.common" >
5
6    <uses-sdk
7        android:minSdkVersion="16"
7-->src\main\AndroidManifest.xml
8        android:targetSdkVersion="29" />
8-->src\main\AndroidManifest.xml
9    <!-- 网络/网络状态 -->
10    <uses-permission android:name="android.permission.ACCESS_NETWORK_STATE" />
10-->src\main\AndroidManifest.xml:6:5-79
10-->src\main\AndroidManifest.xml:6:22-76
11    <uses-permission android:name="android.permission.INTERNET" />
11-->src\main\AndroidManifest.xml:7:5-67
11-->src\main\AndroidManifest.xml:7:22-64
12    <uses-permission android:name="android.permission.ACCESS_WIFI_STATE" />
12-->src\main\AndroidManifest.xml:8:5-75
12-->src\main\AndroidManifest.xml:8:22-73
13    <uses-permission android:name="android.permission.CHANGE_WIFI_STATE" />
13-->src\main\AndroidManifest.xml:9:5-75
13-->src\main\AndroidManifest.xml:9:22-73
14    <!-- Sdcard读写权限 -->
15    <uses-permission android:name="android.permission.WRITE_EXTERNAL_STORAGE" />
15-->src\main\AndroidManifest.xml:11:5-81
15-->src\main\AndroidManifest.xml:11:22-78
16    <uses-permission android:name="android.permission.READ_EXTERNAL_STORAGE" />
16-->src\main\AndroidManifest.xml:12:5-80
16-->src\main\AndroidManifest.xml:12:22-77
17    <!-- 摄像头录音权限 -->
18    <uses-permission android:name="android.permission.CAMERA" />
18-->src\main\AndroidManifest.xml:14:5-65
18-->src\main\AndroidManifest.xml:14:22-62
19    <uses-permission android:name="android.permission.RECORD_AUDIO" />
19-->src\main\AndroidManifest.xml:15:5-71
19-->src\main\AndroidManifest.xml:15:22-68
20    <!-- 电话状态权限 -->
21    <uses-permission android:name="android.permission.READ_PHONE_STATE" />
21-->src\main\AndroidManifest.xml:17:5-75
21-->src\main\AndroidManifest.xml:17:22-72
22    <!-- 蓝牙权限 -->
23    <uses-permission android:name="android.permission.BLUETOOTH" />
23-->src\main\AndroidManifest.xml:19:5-68
23-->src\main\AndroidManifest.xml:19:22-65
24    <!-- 自动更新URI跳转安装时需要 -->
25    <uses-permission android:name="android.permission.REQUEST_INSTALL_PACKAGES" />
25-->src\main\AndroidManifest.xml:21:5-83
25-->src\main\AndroidManifest.xml:21:22-80
26
27    <application>
27-->src\main\AndroidManifest.xml:24:5-37:19
28
29        <!-- FileProvider配置访问路径，适配7.0及其以上 -->
30        <provider
30-->src\main\AndroidManifest.xml:26:9-36:20
31            android:name="com.aliyun.svideo.common.AliyunFileProvider"
31-->src\main\AndroidManifest.xml:28:13-47
32            android:authorities="${applicationId}.aliyun.fileprovider"
32-->src\main\AndroidManifest.xml:29:13-71
33            android:banner="@string/alivc_common_cancel"
33-->src\main\AndroidManifest.xml:32:13-57
34            android:exported="false"
34-->src\main\AndroidManifest.xml:30:13-37
35            android:grantUriPermissions="true"
35-->src\main\AndroidManifest.xml:31:13-47
36            tools:replace="android:authorities" >
36-->src\main\AndroidManifest.xml:27:13-48
37            <meta-data
37-->src\main\AndroidManifest.xml:33:13-35:57
38                android:name="android.support.FILE_PROVIDER_PATHS"
38-->src\main\AndroidManifest.xml:34:17-67
39                android:resource="@xml/provider_paths" />
39-->src\main\AndroidManifest.xml:35:17-55
40        </provider>
41    </application>
42
43</manifest>